TN:
SF:script/Deploy.s.sol
FN:14,DeployScript.setUp
FNDA:0,DeployScript.setUp
FN:16,DeployScript.run
FNDA:0,DeployScript.run
DA:17,0
DA:18,0
DA:20,0
DA:22,0
DA:24,0
DA:26,0
DA:28,0
FN:31,DeployScript.deploy
FNDA:0,DeployScript.deploy
DA:36,0
DA:38,0
DA:40,0
DA:41,0
DA:43,0
DA:44,0
DA:47,0
DA:48,0
DA:51,0
DA:52,0
DA:55,0
DA:59,0
DA:62,0
FNF:3
FNH:0
LF:20
LH:0
BRF:0
BRH:0
end_of_record
TN:
SF:script/Info.s.sol
FN:16,InfoScript.setUp
FNDA:0,InfoScript.setUp
FN:18,InfoScript.run
FNDA:0,InfoScript.run
DA:19,0
DA:22,0
DA:25,0
DA:28,0
DA:29,0
DA:30,0
FNF:2
FNH:0
LF:6
LH:0
BRF:0
BRH:0
end_of_record
TN:
SF:src/Channel.sol
FN:44,Channel.initialize
FNDA:12547,Channel.initialize
DA:50,12547
DA:51,12547
DA:52,12547
DA:53,12547
DA:55,12547
DA:56,12547
DA:58,12547
FN:62,Channel.handleStake
FNDA:9728,Channel.handleStake
DA:69,9472
DA:70,9472
DA:74,9472
DA:76,9472
BRDA:76,0,0,-
BRDA:76,0,1,9472
DA:78,9472
DA:79,9472
DA:82,9472
DA:85,9472
BRDA:85,1,0,-
BRDA:85,1,1,5888
DA:87,5888
DA:92,3584
DA:94,3584
BRDA:94,2,0,-
BRDA:94,2,1,3555
DA:95,3555
DA:103,9472
BRDA:103,3,0,9472
BRDA:103,3,1,9472
DA:104,9472
FN:109,Channel.handleUnstake
FNDA:3072,Channel.handleUnstake
DA:110,2816
DA:111,2816
DA:113,2816
DA:117,2816
BRDA:117,4,0,-
BRDA:117,4,1,2816
DA:121,2816
DA:122,2816
DA:127,2816
DA:130,2816
BRDA:130,5,0,-
BRDA:130,5,1,2304
DA:132,2304
DA:137,512
DA:139,512
BRDA:139,6,0,-
BRDA:139,6,1,496
DA:140,496
FN:145,Channel.afterAgreementCreated
FNDA:11776,Channel.afterAgreementCreated
DA:153,11776
BRDA:153,7,0,256
BRDA:153,7,1,11520
DA:154,11520
BRDA:154,8,0,256
BRDA:154,8,1,11264
DA:155,11264
BRDA:155,9,0,-
BRDA:155,9,1,11264
DA:160,11264
DA:161,11264
DA:163,11264
BRDA:163,10,0,256
BRDA:163,10,1,11008
DA:165,11008
DA:168,11008
DA:171,11008
DA:174,11008
FN:177,Channel.afterAgreementUpdated
FNDA:53,Channel.afterAgreementUpdated
DA:185,53
FN:188,Channel.afterAgreementTerminated
FNDA:512,Channel.afterAgreementTerminated
DA:197,512
BRDA:197,11,0,-
BRDA:197,11,1,512
DA:198,0
DA:202,512
BRDA:202,12,0,256
BRDA:202,12,1,256
DA:204,256
DA:206,256
DA:207,256
DA:210,256
DA:213,256
DA:232,256
DA:233,256
BRDA:233,13,0,-
BRDA:233,13,1,256
DA:234,0
DA:240,256
FN:243,Channel.beforeAgreementTerminated
FNDA:256,Channel.beforeAgreementTerminated
DA:251,256
BRDA:251,14,0,256
BRDA:251,14,1,256
DA:252,256
DA:255,256
DA:256,256
DA:258,256
FN:261,Channel.getSubscriberFlowInfo
FNDA:513,Channel.getSubscriberFlowInfo
DA:267,513
FN:270,Channel.getSubscriberCashbackPercentage
FNDA:768,Channel.getSubscriberCashbackPercentage
DA:271,13056
FN:274,Channel._getCurrentPoolUnits
FNDA:12288,Channel._getCurrentPoolUnits
DA:279,12288
DA:280,12288
DA:281,12288
FN:284,Channel._isHost
FNDA:12544,Channel._isHost
DA:285,12544
FN:288,Channel._isAcceptedAgreement
FNDA:12032,Channel._isAcceptedAgreement
DA:289,12032
FN:292,Channel._isAcceptedSuperToken
FNDA:12288,Channel._isAcceptedSuperToken
DA:293,12288
FNF:13
FNH:13
LF:69
LH:67
BRF:30
BRH:21
end_of_record
TN:
SF:src/ChannelFactory.sol
FN:38,ChannelFactory.isChannelCreated
FNDA:32770,ChannelFactory.isChannelCreated
DA:39,32770
FN:43,ChannelFactory.createChannelContract
FNDA:13315,ChannelFactory.createChannelContract
DA:48,13315
BRDA:48,0,0,380
BRDA:48,0,1,12935
DA:50,12935
DA:51,12935
BRDA:51,1,0,256
BRDA:51,1,1,12679
DA:52,256
DA:56,12679
DA:58,12547
DA:61,12547
DA:63,12547
DA:65,12547
DA:67,12547
FN:71,ChannelFactory.getChannelAddress
FNDA:12291,ChannelFactory.getChannelAddress
DA:72,12291
FN:93,ChannelFactory.getBeaconImplementation
FNDA:1,ChannelFactory.getBeaconImplementation
DA:94,12936
FNF:4
FNH:4
LF:13
LH:13
BRF:4
BRH:4
end_of_record
TN:
SF:src/FanToken.sol
FN:70,FanToken.initialize
FNDA:2,FanToken.initialize
DA:71,1
DA:72,1
DA:75,1
FN:79,FanToken.setChannelFactory
FNDA:2,FanToken.setChannelFactory
DA:80,2
BRDA:80,0,0,1
BRDA:80,0,1,1
DA:82,1
FN:85,FanToken.setOwner
FNDA:2,FanToken.setOwner
DA:86,2
BRDA:86,1,0,1
BRDA:86,1,1,1
DA:88,1
FN:92,FanToken.updateTotalSubscriptionFlowRate
FNDA:11264,FanToken.updateTotalSubscriptionFlowRate
DA:93,11264
FN:97,FanToken.stake
FNDA:9473,FanToken.stake
DA:98,9217
DA:99,9217
BRDA:99,2,0,1
BRDA:99,2,1,9216
DA:104,9216
DA:107,9216
DA:111,8960
FN:115,FanToken.unstake
FNDA:3073,FanToken.unstake
DA:116,2817
BRDA:116,3,0,1
BRDA:116,3,1,2816
DA:117,1
DA:120,2816
DA:123,2560
DA:125,2560
FN:129,FanToken.claim
FNDA:3489,FanToken.claim
DA:130,4513
DA:133,4513
FN:137,FanToken.compound
FNDA:2143,FanToken.compound
DA:143,2911
DA:147,2911
FN:151,FanToken.claimAll
FNDA:1024,FanToken.claimAll
DA:152,1024
DA:153,1792
FN:158,FanToken.compoundAll
FNDA:1024,FanToken.compoundAll
DA:159,1024
DA:160,1536
FN:165,FanToken.stakedBalanceOf
FNDA:31744,FanToken.stakedBalanceOf
DA:166,31744
FN:170,FanToken.channelStakedBalanceOf
FNDA:31744,FanToken.channelStakedBalanceOf
DA:171,31744
FN:175,FanToken.getSubscriberData
FNDA:2560,FanToken.getSubscriberData
DA:176,2560
FN:180,FanToken.getSubscriberCreatorChannelData
FNDA:4352,FanToken.getSubscriberCreatorChannelData
DA:186,4352
FN:189,FanToken.balanceOf
FNDA:32768,FanToken.balanceOf
DA:196,32768
FN:199,FanToken.getTotalRewardsDistribution
FNDA:257,FanToken.getTotalRewardsDistribution
DA:200,11010
FN:204,FanToken.getClaimableAmount
FNDA:8704,FanToken.getClaimableAmount
DA:211,16129
BRDA:211,4,0,5376
BRDA:211,4,1,10753
DA:212,5376
DA:215,10753
DA:216,10753
BRDA:216,5,0,10240
BRDA:216,5,1,-
DA:217,10240
DA:218,10240
DA:220,10240
DA:227,513
DA:228,513
DA:229,513
DA:231,513
DA:235,513
FN:238,FanToken.getClaimableAmount
FNDA:1,FanToken.getClaimableAmount
DA:239,7425
FN:242,FanToken._mint
FNDA:1,FanToken._mint
DA:245,1
DA:247,1
FN:251,FanToken._claim
FNDA:7424,FanToken._claim
DA:252,7424
DA:254,7424
DA:256,7424
FN:259,FanToken._stake
FNDA:12127,FanToken._stake
DA:261,11359
DA:264,11359
DA:267,11359
DA:269,11359
FN:272,FanToken._unstake
FNDA:2816,FanToken._unstake
DA:274,2560
DA:277,2560
DA:280,2560
DA:283,2560
DA:285,2560
FN:288,FanToken._transfer
FNDA:2,FanToken._transfer
DA:289,2
FN:292,FanToken._isClaimCooldownOver
FNDA:24577,FanToken._isClaimCooldownOver
DA:293,24577
DA:294,24577
FN:297,FanToken._isUnstakeCooldownOver
FNDA:26720,FanToken._isUnstakeCooldownOver
DA:298,26720
FNF:25
FNH:25
LF:63
LH:63
BRF:12
BRH:11
end_of_record
TN:
SF:src/libs/AccountingHelperLibrary.sol
FN:19,AccountingHelperLibrary.getPoolUnitDeltaAmounts
FNDA:12288,AccountingHelperLibrary.getPoolUnitDeltaAmounts
DA:34,12288
DA:36,12288
DA:37,12288
DA:38,12288
FNF:1
FNH:1
LF:4
LH:4
BRF:0
BRH:0
end_of_record
TN:
SF:test/SFTest.t.sol
FN:48,SFTest.setUp
FNDA:0,SFTest.setUp
DA:50,0
DA:52,0
DA:53,0
DA:54,0
DA:56,0
DA:58,0
DA:63,0
DA:64,0
DA:65,0
DA:66,0
DA:68,0
DA:69,0
DA:70,0
DA:71,0
DA:74,0
DA:77,0
DA:78,0
DA:79,0
DA:80,0
DA:81,0
DA:82,0
DA:83,0
DA:88,0
DA:89,0
FN:94,SFTest._helperCreateChannelContract
FNDA:0,SFTest._helperCreateChannelContract
DA:98,0
DA:99,0
DA:100,0
DA:102,0
DA:103,0
DA:104,0
DA:106,0
DA:112,0
DA:118,0
DA:124,0
FN:129,SFTest._getSubscribeBatchOperation
FNDA:0,SFTest._getSubscribeBatchOperation
DA:133,0
DA:134,0
DA:136,0
DA:138,0
DA:140,0
DA:141,0
DA:143,0
DA:147,0
FN:155,SFTest._helperCreateChannelContractAndSubscribeToIt
FNDA:0,SFTest._helperCreateChannelContractAndSubscribeToIt
DA:161,0
DA:162,0
DA:164,0
DA:166,0
DA:168,0
DA:170,0
DA:172,0
DA:174,0
DA:175,0
DA:176,0
DA:178,0
DA:180,0
DA:181,0
DA:182,0
DA:186,0
DA:192,0
FN:200,SFTest._helperHandleStake
FNDA:0,SFTest._helperHandleStake
DA:201,0
DA:203,0
DA:209,0
DA:210,0
DA:211,0
DA:213,0
DA:214,0
DA:215,0
DA:217,0
DA:218,0
DA:222,0
DA:227,0
DA:232,0
FN:239,SFTest._helperHandleUnstake
FNDA:0,SFTest._helperHandleUnstake
DA:240,0
DA:242,0
DA:245,0
DA:246,0
DA:248,0
DA:249,0
DA:250,0
DA:252,0
DA:253,0
DA:254,0
DA:256,0
DA:257,0
DA:261,0
DA:266,0
DA:271,0
FN:280,SFTest._helperStake
FNDA:0,SFTest._helperStake
DA:281,0
DA:286,0
DA:288,0
DA:289,0
DA:290,0
DA:292,0
DA:295,0
DA:300,0
DA:303,0
FN:310,SFTest._helperUnstake
FNDA:0,SFTest._helperUnstake
DA:311,0
DA:316,0
DA:318,0
DA:319,0
DA:320,0
DA:322,0
DA:327,0
DA:332,0
DA:335,0
DA:340,0
FN:347,SFTest._helperClaim
FNDA:0,SFTest._helperClaim
DA:348,0
DA:353,0
DA:355,0
DA:357,0
DA:358,0
DA:359,0
DA:361,0
DA:366,0
DA:367,0
DA:372,0
DA:373,0
DA:378,0
FN:385,SFTest._helperCompound
FNDA:0,SFTest._helperCompound
DA:386,0
DA:391,0
DA:393,0
DA:395,0
DA:396,0
DA:397,0
DA:399,0
DA:400,0
DA:401,0
DA:406,0
DA:411,0
DA:416,0
FN:423,SFTest._helperGetBalancesBefore
FNDA:0,SFTest._helperGetBalancesBefore
DA:433,0
DA:434,0
DA:435,0
DA:436,0
FN:439,SFTest._helperWarpToFullDeposit
FNDA:0,SFTest._helperWarpToFullDeposit
DA:440,0
DA:441,0
FNF:12
FNH:0
LF:135
LH:0
BRF:0
BRH:0
end_of_record
